[debug] [2021-05-20T05:09:23.753Z] ----------------------------------------------------------------------
[debug] [2021-05-20T05:09:23.755Z] Command:       C:\Program Files\nodejs\node.exe C:\Users\sh414\Documents\ebook\node_modules\firebase-tools\lib\bin\firebase.js emulators:start
[debug] [2021-05-20T05:09:23.756Z] CLI Version:   9.11.0
[debug] [2021-05-20T05:09:23.756Z] Platform:      win32
[debug] [2021-05-20T05:09:23.756Z] Node Version:  v14.16.0
[debug] [2021-05-20T05:09:23.757Z] Time:          Thu May 20 2021 14:09:23 GMT+0900 (대한민국 표준시)
[debug] [2021-05-20T05:09:23.757Z] ----------------------------------------------------------------------
[debug] 
[debug] [2021-05-20T05:09:23.767Z] > command requires scopes: ["email","openid","https://www.googleapis.com/auth/cloudplatformprojects.readonly","https://www.googleapis.com/auth/firebase","https://www.googleapis.com/auth/cloud-platform"]
[debug] [2021-05-20T05:09:23.767Z] > authorizing via signed-in user (sh414lim@gmail.com)
[info] i  emulators: Starting emulators: auth, functions, firestore, database, hosting, storage {"metadata":{"emulator":{"name":"hub"},"message":"Starting emulators: auth, functions, firestore, database, hosting, storage"}}
[debug] [2021-05-20T05:09:23.805Z] [hub] writing locator at C:\Users\sh414\AppData\Local\Temp\hub-my-project-test-314302.json
[warn] !  functions: The following emulators are not running, calls to these services from the Functions emulator will affect production: pubsub {"metadata":{"emulator":{"name":"functions"},"message":"The following emulators are not running, calls to these services from the Functions emulator will affect production: \u001b[1mpubsub\u001b[22m"}}
[warn] !  Your requested "node" version "12" doesn't match your global version "14" {"metadata":{"emulator":{"name":"functions"},"message":"Your requested \"node\" version \"12\" doesn't match your global version \"14\""}}
[debug] [2021-05-20T05:09:23.847Z] defaultcredentials: writing to file C:\Users\sh414\AppData\Roaming\firebase\sh414lim_gmail_com_application_default_credentials.json
[debug] [2021-05-20T05:09:23.850Z] Setting GAC to C:\Users\sh414\AppData\Roaming\firebase\sh414lim_gmail_com_application_default_credentials.json {"metadata":{"emulator":{"name":"functions"},"message":"Setting GAC to C:\\Users\\sh414\\AppData\\Roaming\\firebase\\sh414lim_gmail_com_application_default_credentials.json"}}
[debug] [2021-05-20T05:09:23.853Z] > refreshing access token with scopes: []
[debug] [2021-05-20T05:09:23.854Z] >>> HTTP REQUEST POST https://www.googleapis.com/oauth2/v3/token  
 <request body omitted>
[debug] [2021-05-20T05:09:24.033Z] <<< HTTP RESPONSE 200 {"expires":"Mon, 01 Jan 1990 00:00:00 GMT","cache-control":"no-cache, no-store, max-age=0, must-revalidate","pragma":"no-cache","date":"Thu, 20 May 2021 05:09:24 GMT","content-type":"application/json; charset=utf-8","vary":"X-Origin, Referer, Origin,Accept-Encoding","server":"scaffolding on HTTPServer2","x-xss-protection":"0","x-frame-options":"SAMEORIGIN","x-content-type-options":"nosniff","alt-svc":"h3-29=\":443\"; ma=2592000,h3-T051=\":443\"; ma=2592000,h3-Q050=\":443\"; ma=2592000,h3-Q046=\":443\"; ma=2592000,h3-Q043=\":443\"; ma=2592000,quic=\":443\"; ma=2592000; v=\"46,43\"","accept-ranges":"none","transfer-encoding":"chunked"}
[debug] [2021-05-20T05:09:24.043Z] >>> [apiv2][query] GET https://firebase.googleapis.com/v1beta1/projects/my-project-test-314302/adminSdkConfig [none]
[debug] [2021-05-20T05:09:24.683Z] <<< [apiv2][status] GET https://firebase.googleapis.com/v1beta1/projects/my-project-test-314302/adminSdkConfig 200
[debug] [2021-05-20T05:09:24.684Z] <<< [apiv2][body] GET https://firebase.googleapis.com/v1beta1/projects/my-project-test-314302/adminSdkConfig {"projectId":"my-project-test-314302","databaseURL":"https://my-project-test-314302-default-rtdb.firebaseio.com","storageBucket":"my-project-test-314302.appspot.com","locationId":"us-central"}
[info] i  firestore: downloading cloud-firestore-emulator-v1.11.15.jar... {"metadata":{"emulator":{"name":"firestore"},"message":"downloading cloud-firestore-emulator-v1.11.15.jar..."}}
[debug] [2021-05-20T05:09:24.702Z] >>> [apiv2][query] GET https://storage.googleapis.com/firebase-preview-drop/emulator/cloud-firestore-emulator-v1.11.15.jar 
[debug] [2021-05-20T05:09:25.175Z] <<< [apiv2][status] GET https://storage.googleapis.com/firebase-preview-drop/emulator/cloud-firestore-emulator-v1.11.15.jar 200
[debug] [2021-05-20T05:09:25.175Z] <<< [apiv2][body] GET https://storage.googleapis.com/firebase-preview-drop/emulator/cloud-firestore-emulator-v1.11.15.jar [stream]
[debug] [2021-05-20T05:09:32.575Z] Ignoring unsupported arg: projectId {"metadata":{"emulator":{"name":"firestore"},"message":"Ignoring unsupported arg: projectId"}}
[debug] [2021-05-20T05:09:32.575Z] Ignoring unsupported arg: auto_download {"metadata":{"emulator":{"name":"firestore"},"message":"Ignoring unsupported arg: auto_download"}}
[debug] [2021-05-20T05:09:32.576Z] Starting Firestore Emulator with command {"binary":"java","args":["-Dgoogle.cloud_firestore.debug_log_level=FINE","-Duser.language=en","-jar","C:\\Users\\sh414\\.cache\\firebase\\emulators\\cloud-firestore-emulator-v1.11.15.jar","--host","localhost","--port",8080,"--rules","C:\\Users\\sh414\\Documents\\ebook\\firestore.rules","--functions_emulator","localhost:5001"],"optionalArgs":["port","webchannel_port","host","rules","functions_emulator","seed_from_export"],"joinArgs":false} {"metadata":{"emulator":{"name":"firestore"},"message":"Starting Firestore Emulator with command {\"binary\":\"java\",\"args\":[\"-Dgoogle.cloud_firestore.debug_log_level=FINE\",\"-Duser.language=en\",\"-jar\",\"C:\\\\Users\\\\sh414\\\\.cache\\\\firebase\\\\emulators\\\\cloud-firestore-emulator-v1.11.15.jar\",\"--host\",\"localhost\",\"--port\",8080,\"--rules\",\"C:\\\\Users\\\\sh414\\\\Documents\\\\ebook\\\\firestore.rules\",\"--functions_emulator\",\"localhost:5001\"],\"optionalArgs\":[\"port\",\"webchannel_port\",\"host\",\"rules\",\"functions_emulator\",\"seed_from_export\"],\"joinArgs\":false}"}}
[info] i  firestore: Firestore Emulator logging to firestore-debug.log {"metadata":{"emulator":{"name":"firestore"},"message":"Firestore Emulator logging to \u001b[1mfirestore-debug.log\u001b[22m"}}
[debug] [2021-05-20T05:09:35.779Z] May 20, 2021 2:09:35 PM com.google.cloud.datastore.emulator.firestore.websocket.WebSocketServer start
INFO: Started WebSocket server on ws://localhost:60141
 {"metadata":{"emulator":{"name":"firestore"},"message":"May 20, 2021 2:09:35 PM com.google.cloud.datastore.emulator.firestore.websocket.WebSocketServer start\r\nINFO: Started WebSocket server on ws://localhost:60141\r\n"}}
[debug] [2021-05-20T05:09:35.823Z] API endpoint: http://localhost: {"metadata":{"emulator":{"name":"firestore"},"message":"API endpoint: http://localhost:"}}
[debug] [2021-05-20T05:09:35.823Z] 8080
If you are using a library that supports the FIRESTORE_EMULATOR_HOST environment variable, run:

   export FIRESTORE_EMULATOR_HOST=localhost:8080

Dev App Server is now running.

 {"metadata":{"emulator":{"name":"firestore"},"message":"8080\nIf you are using a library that supports the FIRESTORE_EMULATOR_HOST environment variable, run:\r\n\n   export FIRESTORE_EMULATOR_HOST=localhost:8080\n\nDev App Server is now running.\n\r\n"}}
[debug] [2021-05-20T05:09:36.016Z] >>> [apiv2][query] GET https://firebase.googleapis.com/v1beta1/projects/my-project-test-314302 [none]
[debug] [2021-05-20T05:09:36.513Z] <<< [apiv2][status] GET https://firebase.googleapis.com/v1beta1/projects/my-project-test-314302 200
[debug] [2021-05-20T05:09:36.513Z] <<< [apiv2][body] GET https://firebase.googleapis.com/v1beta1/projects/my-project-test-314302 {"projectId":"my-project-test-314302","projectNumber":"90969144529","displayName":"My Project Test","name":"projects/my-project-test-314302","resources":{"hostingSite":"my-project-test-314302","realtimeDatabaseInstance":"my-project-test-314302-default-rtdb","storageBucket":"my-project-test-314302.appspot.com","locationId":"us-central"},"state":"ACTIVE"}
[debug] [2021-05-20T05:09:36.513Z] database rules config:  [{"instance":"my-project-test-314302-default-rtdb","rules":"C:\\Users\\sh414\\Documents\\ebook\\database.rules.json"}]
[info] i  database: downloading firebase-database-emulator-v4.7.2.jar... {"metadata":{"emulator":{"name":"database"},"message":"downloading firebase-database-emulator-v4.7.2.jar..."}}
[debug] [2021-05-20T05:09:36.519Z] >>> [apiv2][query] GET https://storage.googleapis.com/firebase-preview-drop/emulator/firebase-database-emulator-v4.7.2.jar 
[debug] [2021-05-20T05:09:37.189Z] <<< [apiv2][status] GET https://storage.googleapis.com/firebase-preview-drop/emulator/firebase-database-emulator-v4.7.2.jar 200
[debug] [2021-05-20T05:09:37.189Z] <<< [apiv2][body] GET https://storage.googleapis.com/firebase-preview-drop/emulator/firebase-database-emulator-v4.7.2.jar [stream]
[debug] [2021-05-20T05:09:41.288Z] Ignoring unsupported arg: projectId {"metadata":{"emulator":{"name":"database"},"message":"Ignoring unsupported arg: projectId"}}
[debug] [2021-05-20T05:09:41.289Z] Ignoring unsupported arg: auto_download {"metadata":{"emulator":{"name":"database"},"message":"Ignoring unsupported arg: auto_download"}}
[debug] [2021-05-20T05:09:41.289Z] Ignoring unsupported arg: rules {"metadata":{"emulator":{"name":"database"},"message":"Ignoring unsupported arg: rules"}}
[debug] [2021-05-20T05:09:41.289Z] Starting Database Emulator with command {"binary":"java","args":["-Duser.language=en","-jar","C:\\Users\\sh414\\.cache\\firebase\\emulators\\firebase-database-emulator-v4.7.2.jar","--host","localhost","--port",9000,"--functions_emulator_host","localhost","--functions_emulator_port",5001],"optionalArgs":["port","host","functions_emulator_port","functions_emulator_host"],"joinArgs":false} {"metadata":{"emulator":{"name":"database"},"message":"Starting Database Emulator with command {\"binary\":\"java\",\"args\":[\"-Duser.language=en\",\"-jar\",\"C:\\\\Users\\\\sh414\\\\.cache\\\\firebase\\\\emulators\\\\firebase-database-emulator-v4.7.2.jar\",\"--host\",\"localhost\",\"--port\",9000,\"--functions_emulator_host\",\"localhost\",\"--functions_emulator_port\",5001],\"optionalArgs\":[\"port\",\"host\",\"functions_emulator_port\",\"functions_emulator_host\"],\"joinArgs\":false}"}}
[info] i  database: Database Emulator logging to database-debug.log {"metadata":{"emulator":{"name":"database"},"message":"Database Emulator logging to \u001b[1mdatabase-debug.log\u001b[22m"}}
[debug] [2021-05-20T05:09:42.760Z] WARNING: An illegal reflective access operation has occurred
WARNING: Illegal reflective access by io.netty.util.internal.ReflectionUtil (file:/C:/Users/sh414/.cache/firebase/emulators/firebase-database-emulator-v4.7.2.jar) to field sun.nio.ch.SelectorImpl.selectedKeys
WARNING: Please consider reporting this to the maintainers of io.netty.util.internal.ReflectionUtil
WARNING: Use --illegal-access=warn to enable warnings of further illegal reflective access operations
WARNING: All illegal access operations will be denied in a future release {"metadata":{"emulator":{"name":"database"},"message":"WARNING: An illegal reflective access operation has occurred\r\nWARNING: Illegal reflective access by io.netty.util.internal.ReflectionUtil (file:/C:/Users/sh414/.cache/firebase/emulators/firebase-database-emulator-v4.7.2.jar) to field sun.nio.ch.SelectorImpl.selectedKeys\r\nWARNING: Please consider reporting this to the maintainers of io.netty.util.internal.ReflectionUtil\r\nWARNING: Use --illegal-access=warn to enable warnings of further illegal reflective access operations\r\nWARNING: All illegal access operations will be denied in a future release"}}
[debug] [2021-05-20T05:09:42.761Z] 
 {"metadata":{"emulator":{"name":"database"},"message":"\r\n"}}
[debug] [2021-05-20T05:09:43.846Z] 14:09:43.843 [NamespaceSystem-akka.actor.default-dispatcher-5] INFO akka.event.slf4j.Slf4jLogger - Slf4jLogger started
 {"metadata":{"emulator":{"name":"database"},"message":"14:09:43.843 [NamespaceSystem-akka.actor.default-dispatcher-5] INFO akka.event.slf4j.Slf4jLogger - Slf4jLogger started\r\n"}}
[debug] [2021-05-20T05:09:44.049Z] 14:09:44.048 [main] INFO com.firebase.server.forge.App$ - Listening at localhost:9000
 {"metadata":{"emulator":{"name":"database"},"message":"14:09:44.048 [main] INFO com.firebase.server.forge.App$ - Listening at localhost:9000\r\n"}}
[info] i  storage: downloading cloud-storage-rules-runtime-v1.0.0.jar... {"metadata":{"emulator":{"name":"storage"},"message":"downloading cloud-storage-rules-runtime-v1.0.0.jar..."}}
[debug] [2021-05-20T05:09:47.673Z] >>> [apiv2][query] GET https://storage.googleapis.com/firebase-preview-drop/emulator/cloud-storage-rules-runtime-v1.0.0.jar 
[debug] [2021-05-20T05:09:48.470Z] <<< [apiv2][status] GET https://storage.googleapis.com/firebase-preview-drop/emulator/cloud-storage-rules-runtime-v1.0.0.jar 200
[debug] [2021-05-20T05:09:48.470Z] <<< [apiv2][body] GET https://storage.googleapis.com/firebase-preview-drop/emulator/cloud-storage-rules-runtime-v1.0.0.jar [stream]
[debug] [2021-05-20T05:09:51.977Z] Ignoring unsupported arg: port {"metadata":{"emulator":{"name":"storage"},"message":"Ignoring unsupported arg: port"}}
[debug] [2021-05-20T05:09:52.413Z] Temp file directory for storage emulator: C:\Users\sh414\AppData\Local\Temp/firebase/storage/blobs {"metadata":{"emulator":{"name":"storage"},"message":"Temp file directory for storage emulator: C:\\Users\\sh414\\AppData\\Local\\Temp/firebase/storage/blobs"}}
[debug] [2021-05-20T05:09:53.425Z] >>> [apiv2][query] GET https://firebasehosting.googleapis.com/v1beta1/projects/my-project-test-314302/sites 
[debug] [2021-05-20T05:09:54.617Z] <<< [apiv2][status] GET https://firebasehosting.googleapis.com/v1beta1/projects/my-project-test-314302/sites 200
[debug] [2021-05-20T05:09:54.617Z] <<< [apiv2][body] GET https://firebasehosting.googleapis.com/v1beta1/projects/my-project-test-314302/sites {"sites":[{"name":"projects/90969144529/sites/my-project-test-314302","defaultUrl":"https://my-project-test-314302.web.app","appId":"1:90969144529:web:37ffdbb0690bcbeca059f0","type":"DEFAULT_SITE"}]}
[debug] [2021-05-20T05:09:54.618Z] >>> [apiv2][query] GET https://firebase.googleapis.com/v1beta1/projects/my-project-test-314302/webApps/1:90969144529:web:37ffdbb0690bcbeca059f0/config [none]
[debug] [2021-05-20T05:09:55.967Z] <<< [apiv2][status] GET https://firebase.googleapis.com/v1beta1/projects/my-project-test-314302/webApps/1:90969144529:web:37ffdbb0690bcbeca059f0/config 200
[debug] [2021-05-20T05:09:55.968Z] <<< [apiv2][body] GET https://firebase.googleapis.com/v1beta1/projects/my-project-test-314302/webApps/1:90969144529:web:37ffdbb0690bcbeca059f0/config {"projectId":"my-project-test-314302","appId":"1:90969144529:web:37ffdbb0690bcbeca059f0","databaseURL":"https://my-project-test-314302-default-rtdb.firebaseio.com","storageBucket":"my-project-test-314302.appspot.com","locationId":"us-central","apiKey":"AIzaSyArtkl2igOBbHqX9okCq9hmvvTv56e4n2g","authDomain":"my-project-test-314302.firebaseapp.com","messagingSenderId":"90969144529","measurementId":"G-0HTG9B1T83"}
[info] i  hosting: Serving hosting files from: public {"metadata":{"emulator":{"name":"hosting"},"message":"Serving hosting files from: \u001b[1mpublic\u001b[22m"}}
[info] +  hosting: Local server: http://localhost:5000 {"metadata":{"emulator":{"name":"hosting"},"message":"Local server: \u001b[4m\u001b[1mhttp://localhost:5000\u001b[22m\u001b[24m"}}
[warn] !  ui: Emulator UI unable to start on port 4000, starting on 4001 instead. {"metadata":{"emulator":{"name":"ui"},"message":"Emulator UI unable to start on port 4000, starting on 4001 instead."}}
[debug] [2021-05-20T05:09:56.054Z] Ignoring unsupported arg: auto_download {"metadata":{"emulator":{"name":"ui"},"message":"Ignoring unsupported arg: auto_download"}}
[debug] [2021-05-20T05:09:56.054Z] Ignoring unsupported arg: port {"metadata":{"emulator":{"name":"ui"},"message":"Ignoring unsupported arg: port"}}
[debug] [2021-05-20T05:09:56.054Z] Starting Emulator UI with command {"binary":"node","args":["C:\\Users\\sh414\\.cache\\firebase\\emulators\\ui-v1.5.0\\server.bundle.js"],"optionalArgs":[],"joinArgs":false} {"metadata":{"emulator":{"name":"ui"},"message":"Starting Emulator UI with command {\"binary\":\"node\",\"args\":[\"C:\\\\Users\\\\sh414\\\\.cache\\\\firebase\\\\emulators\\\\ui-v1.5.0\\\\server.bundle.js\"],\"optionalArgs\":[],\"joinArgs\":false}"}}
[info] i  ui: Emulator UI logging to ui-debug.log {"metadata":{"emulator":{"name":"ui"},"message":"Emulator UI logging to \u001b[1mui-debug.log\u001b[22m"}}
[debug] [2021-05-20T05:09:56.228Z] Web / API server started at http://localhost:4001
 {"metadata":{"emulator":{"name":"ui"},"message":"Web / API server started at http://localhost:4001\n"}}
[info] i  functions: Watching "C:\Users\sh414\Documents\ebook\functions" for Cloud Functions... {"metadata":{"emulator":{"name":"functions"},"message":"Watching \"C:\\Users\\sh414\\Documents\\ebook\\functions\" for Cloud Functions..."}}
[debug] [2021-05-20T05:09:56.358Z] [worker-pool] addWorker(~diagnostic~) {"metadata":{"emulator":{"name":"functions"},"message":"[worker-pool] addWorker(~diagnostic~)"}}
[debug] [2021-05-20T05:09:56.358Z] [worker-pool] Adding worker with key ~diagnostic~, total=1 {"metadata":{"emulator":{"name":"functions"},"message":"[worker-pool] Adding worker with key ~diagnostic~, total=1"}}
[debug] [2021-05-20T05:09:56.358Z] [worker-pool] submitWork(triggerId=) {"metadata":{"emulator":{"name":"functions"},"message":"[worker-pool] submitWork(triggerId=)"}}
[debug] [2021-05-20T05:09:56.359Z] [worker-~diagnostic~-261c14f6-b2cb-4a55-bf95-4387d84d00d3]: Assigning socketPath: \\?\pipe\C:\Users\sh414\Documents\ebook\functions\9136 {"metadata":{"emulator":{"name":"functions"},"message":"[worker-~diagnostic~-261c14f6-b2cb-4a55-bf95-4387d84d00d3]: Assigning socketPath: \\\\?\\pipe\\C:\\Users\\sh414\\Documents\\ebook\\functions\\9136"}}
[debug] [2021-05-20T05:09:56.359Z] [worker-~diagnostic~-261c14f6-b2cb-4a55-bf95-4387d84d00d3]: BUSY {"metadata":{"emulator":{"name":"functions"},"message":"[worker-~diagnostic~-261c14f6-b2cb-4a55-bf95-4387d84d00d3]: BUSY"}}
[debug] [2021-05-20T05:09:56.666Z] [runtime-status] [9136] Functions runtime initialized. {"cwd":"C:\\Users\\sh414\\Documents\\ebook\\functions","node_version":"14.16.0"} {"metadata":{"emulator":{"name":"functions"},"message":"[runtime-status] [9136] Functions runtime initialized. {\"cwd\":\"C:\\\\Users\\\\sh414\\\\Documents\\\\ebook\\\\functions\",\"node_version\":\"14.16.0\"}"}}
[debug] [2021-05-20T05:09:56.667Z] [runtime-status] [9136] Disabled runtime features: undefined {"metadata":{"emulator":{"name":"functions"},"message":"[runtime-status] [9136] Disabled runtime features: undefined"}}
[warn] !  The Cloud Functions emulator requires the module "firebase-admin" to be installed. This package is in your package.json, but it's not available. You probably need to run "npm install" in your functions directory. {"metadata":{"emulator":{"name":"functions"},"message":"The Cloud Functions emulator requires the module \"firebase-admin\" to be installed. This package is in your package.json, but it's not available. You probably need to run \"npm install\" in your functions directory."}}
[info] i  functions: Your functions could not be parsed due to an issue with your node_modules (see above) {"metadata":{"emulator":{"name":"functions"},"message":"Your functions could not be parsed due to an issue with your node_modules (see above)"}}
[debug] [2021-05-20T05:09:56.699Z] [worker-~diagnostic~-261c14f6-b2cb-4a55-bf95-4387d84d00d3]: exited {"metadata":{"emulator":{"name":"functions"},"message":"[worker-~diagnostic~-261c14f6-b2cb-4a55-bf95-4387d84d00d3]: exited"}}
[debug] [2021-05-20T05:09:56.699Z] [worker-~diagnostic~-261c14f6-b2cb-4a55-bf95-4387d84d00d3]: FINISHED {"metadata":{"emulator":{"name":"functions"},"message":"[worker-~diagnostic~-261c14f6-b2cb-4a55-bf95-4387d84d00d3]: FINISHED"}}
[debug] [2021-05-20T05:42:43.372Z] >>> [apiv2][query] POST http://localhost:5001/functions/projects/my-project-test-314302/trigger_multicast [none]
[debug] [2021-05-20T05:42:43.372Z] >>> [apiv2][body] POST http://localhost:5001/functions/projects/my-project-test-314302/trigger_multicast {"eventType":"providers/firebase.auth/eventTypes/user.create","data":{"uid":"YKuVICySdExug79ujc7IcslimlKU","email":"sh414lim@gmail.com","emailVerified":false,"displayName":"Marko","photoURL":"","phoneNumber":"+01099154724","metadata":{"creationTime":"1621489363371","lastSignInTime":"1621489363371"},"customClaims":{},"providerData":[{"providerId":"password","email":"sh414lim@gmail.com","federatedId":"sh414lim@gmail.com","rawId":"sh414lim@gmail.com","displayName":"Marko","photoUrl":""},{"providerId":"phone","phoneNumber":"+01099154724","rawId":"+01099154724"}]}}
[debug] [2021-05-20T05:42:43.382Z] <<< [apiv2][status] POST http://localhost:5001/functions/projects/my-project-test-314302/trigger_multicast 200
[debug] [2021-05-20T05:42:43.382Z] <<< [apiv2][body] POST http://localhost:5001/functions/projects/my-project-test-314302/trigger_multicast {"status":"multicast_acknowledged"}
